<?xml version="1.0" encoding="UTF-8" ?>
<testsuite failures="0" time="0.366" errors="0" skipped="0" tests="12" name="creatures.BouncingCreatureTest">
  <properties>
    <property name="java.runtime.name" value="Java(TM) SE Runtime Environment"/>
    <property name="sun.boot.library.path" value="C:\Program Files\Java\jdk1.7.0_71\jre\bin"/>
    <property name="java.vm.version" value="24.71-b01"/>
    <property name="java.vm.vendor" value="Oracle Corporation"/>
    <property name="java.vendor.url" value="http://java.oracle.com/"/>
    <property name="path.separator" value=";"/>
    <property name="java.vm.name" value="Java HotSpot(TM) 64-Bit Server VM"/>
    <property name="file.encoding.pkg" value="sun.io"/>
    <property name="user.script" value=""/>
    <property name="user.country" value="FR"/>
    <property name="sun.java.launcher" value="SUN_STANDARD"/>
    <property name="sun.os.patch.level" value=""/>
    <property name="java.vm.specification.name" value="Java Virtual Machine Specification"/>
    <property name="user.dir" value="C:\Users\Yoann\Desktop\Master 1\Génie Logiciel\M1IFIProjectGit\M1IFIProject"/>
    <property name="java.runtime.version" value="1.7.0_71-b14"/>
    <property name="java.awt.graphicsenv" value="sun.awt.Win32GraphicsEnvironment"/>
    <property name="basedir" value="C:\Users\Yoann\Desktop\Master 1\Génie Logiciel\M1IFIProjectGit\M1IFIProject"/>
    <property name="java.endorsed.dirs" value="C:\Program Files\Java\jdk1.7.0_71\jre\lib\endorsed"/>
    <property name="os.arch" value="amd64"/>
    <property name="surefire.real.class.path" value="C:\Users\Yoann\Desktop\Master 1\Génie Logiciel\M1IFIProjectGit\M1IFIProject\target\surefire\surefirebooter7854778770068613245.jar"/>
    <property name="java.io.tmpdir" value="C:\Users\Yoann\AppData\Local\Temp\"/>
    <property name="line.separator" value="
"/>
    <property name="java.vm.specification.vendor" value="Oracle Corporation"/>
    <property name="user.variant" value=""/>
    <property name="os.name" value="Windows 8.1"/>
    <property name="sun.jnu.encoding" value="Cp1252"/>
    <property name="java.library.path" value="C:\Program Files\Java\jdk1.7.0_71\jre\bin;C:\WINDOWS\Sun\Java\bin;C:\WINDOWS\system32;C:\WINDOWS;D:\app\Yoann\product\11.2.0\dbhome_1\bin;C:\ImageMagick;C:\Program Files (x86)\ImageMagick-6.8.7-Q16;C:\Program Files\Broadcom\Broadcom 802.11 Network Adapter\Driver;C:\Program Files (x86)\Intel\iCLS Client\;C:\Program Files\Intel\iCLS Client\;C:\WINDOWS\system32;C:\WINDOWS;C:\WINDOWS\System32\Wbem;C:\WINDOWS\System32\WindowsPowerShell\v1.0\;C:\Program Files\Diskeeper Corporation\ExpressCache\;C:\Program Files\Lenovo\Bluetooth Software\;C:\MinGW\bin;C:\Program Files\Lenovo\Bluetooth Software\syswow64;C:\Program Files (x86)\Intel\OpenCL SDK\2.0\bin\x86;C:\Program Files (x86)\Intel\OpenCL SDK\2.0\bin\x64;C:\Program Files\Lenovo Fingerprint Reader\;C:\Program Files\Lenovo Fingerprint Reader\x86\;C:\ProgramData\Lenovo\ReadyApps;C:\xampp-1.8\php;C:\Program Files (x86)\Windows Live\Shared;C:\Program Files\Java\jdk1.7.0_45\bin;C:\Program Files\Microsoft SQL Server\110\Tools\Binn\;C:\Program Files (x86)\Windows Kits\8.1\Windows Performance Toolkit\;D:\Program Files (x86)\IBM\ILOG\CPLEX_Studio125\opl\bin\x86_win32;D:\Program Files (x86)\IBM\ILOG\CPLEX_Studio125\opl\oplide\;D:\Program Files (x86)\IBM\ILOG\CPLEX_Studio125\cplex\bin\x86_win32;D:\Program Files (x86)\IBM\ILOG\CPLEX_Studio125\cpoptimizer\bin\x86_win32;C:\Program Files\Intel\Intel(R) Management Engine Components\DAL;C:\Program Files (x86)\Intel\Intel(R) Management Engine Components\DAL;C:\Program Files\Intel\Intel(R) Management Engine Components\IPT;C:\Program Files (x86)\Intel\Intel(R) Management Engine Components\IPT;C:\Program Files\apache-maven-3.2.3\bin;c:\users\yoann\appdata\local\enthought\canopy\user\scripts;C:\Users\Yoann\AppData\Local\Enthought\Canopy\User;C:\Users\Yoann\AppData\Local\Enthought\Canopy\User\Scripts;C:\Program Files\Java\jdk1.7.0_45\bin;."/>
    <property name="surefire.test.class.path" value="C:\Users\Yoann\Desktop\Master 1\Génie Logiciel\M1IFIProjectGit\M1IFIProject\target\test-classes;C:\Users\Yoann\Desktop\Master 1\Génie Logiciel\M1IFIProjectGit\M1IFIProject\target\classes;C:\Users\Yoann\.m2\repository\junit\junit\4.11\junit-4.11.jar;C:\Users\Yoann\.m2\repository\org\hamcrest\hamcrest-core\1.3\hamcrest-core-1.3.jar;C:\Users\Yoann\.m2\repository\org\mockito\mockito-all\1.10.8\mockito-all-1.10.8.jar;"/>
    <property name="java.specification.name" value="Java Platform API Specification"/>
    <property name="java.class.version" value="51.0"/>
    <property name="sun.management.compiler" value="HotSpot 64-Bit Tiered Compilers"/>
    <property name="os.version" value="6.3"/>
    <property name="user.home" value="C:\Users\Yoann"/>
    <property name="user.timezone" value=""/>
    <property name="java.awt.printerjob" value="sun.awt.windows.WPrinterJob"/>
    <property name="java.specification.version" value="1.7"/>
    <property name="file.encoding" value="Cp1252"/>
    <property name="user.name" value="Yoann"/>
    <property name="java.class.path" value="C:\Users\Yoann\Desktop\Master 1\Génie Logiciel\M1IFIProjectGit\M1IFIProject\target\test-classes;C:\Users\Yoann\Desktop\Master 1\Génie Logiciel\M1IFIProjectGit\M1IFIProject\target\classes;C:\Users\Yoann\.m2\repository\junit\junit\4.11\junit-4.11.jar;C:\Users\Yoann\.m2\repository\org\hamcrest\hamcrest-core\1.3\hamcrest-core-1.3.jar;C:\Users\Yoann\.m2\repository\org\mockito\mockito-all\1.10.8\mockito-all-1.10.8.jar;"/>
    <property name="java.vm.specification.version" value="1.7"/>
    <property name="sun.arch.data.model" value="64"/>
    <property name="java.home" value="C:\Program Files\Java\jdk1.7.0_71\jre"/>
    <property name="sun.java.command" value="C:\Users\Yoann\Desktop\Master 1\Génie Logiciel\M1IFIProjectGit\M1IFIProject\target\surefire\surefirebooter7854778770068613245.jar C:\Users\Yoann\Desktop\Master 1\Génie Logiciel\M1IFIProjectGit\M1IFIProject\target\surefire\surefire1650990090349625969tmp C:\Users\Yoann\Desktop\Master 1\Génie Logiciel\M1IFIProjectGit\M1IFIProject\target\surefire\surefire1992189648566018909tmp"/>
    <property name="java.specification.vendor" value="Oracle Corporation"/>
    <property name="user.language" value="fr"/>
    <property name="awt.toolkit" value="sun.awt.windows.WToolkit"/>
    <property name="java.vm.info" value="mixed mode"/>
    <property name="java.version" value="1.7.0_71"/>
    <property name="java.ext.dirs" value="C:\Program Files\Java\jdk1.7.0_71\jre\lib\ext;C:\WINDOWS\Sun\Java\lib\ext"/>
    <property name="sun.boot.class.path" value="C:\Program Files\Java\jdk1.7.0_71\jre\lib\resources.jar;C:\Program Files\Java\jdk1.7.0_71\jre\lib\rt.jar;C:\Program Files\Java\jdk1.7.0_71\jre\lib\sunrsasign.jar;C:\Program Files\Java\jdk1.7.0_71\jre\lib\jsse.jar;C:\Program Files\Java\jdk1.7.0_71\jre\lib\jce.jar;C:\Program Files\Java\jdk1.7.0_71\jre\lib\charsets.jar;C:\Program Files\Java\jdk1.7.0_71\jre\lib\jfr.jar;C:\Program Files\Java\jdk1.7.0_71\jre\classes"/>
    <property name="java.vendor" value="Oracle Corporation"/>
    <property name="localRepository" value="C:\Users\Yoann\.m2\repository"/>
    <property name="file.separator" value="\"/>
    <property name="java.vendor.url.bug" value="http://bugreport.sun.com/bugreport/"/>
    <property name="sun.cpu.endian" value="little"/>
    <property name="sun.io.unicode.encoding" value="UnicodeLittle"/>
    <property name="sun.desktop" value="windows"/>
    <property name="sun.cpu.isalist" value="amd64"/>
  </properties>
  <testcase time="0.045" classname="creatures.BouncingCreatureTest" name="testDirectRightUp"/>
  <testcase time="0" classname="creatures.BouncingCreatureTest" name="testDirectDownLeft"/>
  <testcase time="0" classname="creatures.BouncingCreatureTest" name="testDirectDownRight"/>
  <testcase time="0.001" classname="creatures.BouncingCreatureTest" name="testDirectLeftDown"/>
  <testcase time="0.001" classname="creatures.BouncingCreatureTest" name="testSpecialCorner"/>
  <testcase time="0" classname="creatures.BouncingCreatureTest" name="testDirectUpRight"/>
  <testcase time="0" classname="creatures.BouncingCreatureTest" name="testDirectBottom"/>
  <testcase time="0" classname="creatures.BouncingCreatureTest" name="testUpperRightCorner30"/>
  <testcase time="0.001" classname="creatures.BouncingCreatureTest" name="testUpperRightCorner45"/>
  <testcase time="0.001" classname="creatures.BouncingCreatureTest" name="testDirectLeftUp"/>
  <testcase time="0" classname="creatures.BouncingCreatureTest" name="testDirectRightDown"/>
  <testcase time="0.001" classname="creatures.BouncingCreatureTest" name="testDirectUpLeft"/>
</testsuite>