<?xml version="1.0" encoding="UTF-8" ?>
<testsuite failures="0" time="0.025" errors="0" skipped="0" tests="13" name="creatures.SmartCreatureTest">
  <properties>
    <property name="java.runtime.name" value="Java(TM) SE Runtime Environment"/>
    <property name="sun.boot.library.path" value="C:\Program Files\Java\jdk1.7.0_45\jre\bin"/>
    <property name="java.vm.version" value="24.45-b08"/>
    <property name="java.vm.vendor" value="Oracle Corporation"/>
    <property name="java.vendor.url" value="http://java.oracle.com/"/>
    <property name="path.separator" value=";"/>
    <property name="guice.disable.misplaced.annotation.check" value="true"/>
    <property name="java.vm.name" value="Java HotSpot(TM) 64-Bit Server VM"/>
    <property name="file.encoding.pkg" value="sun.io"/>
    <property name="user.script" value=""/>
    <property name="user.country" value="FR"/>
    <property name="sun.java.launcher" value="SUN_STANDARD"/>
    <property name="sun.os.patch.level" value=""/>
    <property name="java.vm.specification.name" value="Java Virtual Machine Specification"/>
    <property name="user.dir" value="C:\Users\Zizou\Documents\GL\M1IFIProjectGit\M1IFIProject"/>
    <property name="java.runtime.version" value="1.7.0_45-b18"/>
    <property name="java.awt.graphicsenv" value="sun.awt.Win32GraphicsEnvironment"/>
    <property name="java.endorsed.dirs" value="C:\Program Files\Java\jdk1.7.0_45\jre\lib\endorsed"/>
    <property name="os.arch" value="amd64"/>
    <property name="java.io.tmpdir" value="C:\Users\Zizou\AppData\Local\Temp\"/>
    <property name="line.separator" value="
"/>
    <property name="java.vm.specification.vendor" value="Oracle Corporation"/>
    <property name="user.variant" value=""/>
    <property name="os.name" value="Windows 8"/>
    <property name="classworlds.conf" value="C:\Users\Zizou\Documents\GL\.metadata\.plugins\org.eclipse.m2e.launching\launches\m2conf4526115954767388163.tmp"/>
    <property name="sun.jnu.encoding" value="Cp1252"/>
    <property name="java.library.path" value="C:\Program Files\Java\jdk1.7.0_45\bin;C:\WINDOWS\Sun\Java\bin;C:\WINDOWS\system32;C:\WINDOWS;C:/Program Files/Java/jre1.8.0_25/bin/server;C:/Program Files/Java/jre1.8.0_25/bin;C:/Program Files/Java/jre1.8.0_25/lib/amd64;C:\ProgramData\Oracle\Java\javapath;C:\app\Zizou\product\11.2.0\dbhome_2\bin;C:\app\Zizou\product\11.2.0\dbhome_1\bin;C:\Program Files (x86)\ImageMagick-6.8.7-Q16;C:\Program Files\ImageMagick-6.8.7-Q16;C:\WINDOWS\system32;C:\WINDOWS;C:\WINDOWS\System32\Wbem;C:\WINDOWS\System32\WindowsPowerShell\v1.0\;c:\wamp\bin\php\php5.4.12;C:\users\Zizou\Documents\AppliAndroid\maven3\bin;C:\Program Files\Java\jdk1.7.0_45;C:\Program Files\Java\jdk1.7.0_45\bin;C:\Users\Zizou\Downloads\adt-bundle-windows-x86_64-20130917\adt-bundle-windows-x86_64-20130917\sdk\platform-tools;C:\Program Files (x86)\Microsoft SDKs\TypeScript\1.0\;C:\Program Files (x86)\IBM\ILOG\CPLEX_Studio125\opl\bin\x86_win32;C:\Program Files (x86)\IBM\ILOG\CPLEX_Studio125\opl\oplide\;C:\Program Files (x86)\IBM\ILOG\CPLEX_Studio125\cplex\bin\x86_win32;C:\Program Files (x86)\IBM\ILOG\CPLEX_Studio125\cpoptimizer\bin\x86_win32;c:\users\zizou\appdata\local\enthought\canopy\user\scripts;C:\Users\Zizou\AppData\Local\Enthought\Canopy\User;C:\Users\Zizou\AppData\Local\Enthought\Canopy\User\Scripts;C:\Users\Zizou\Downloads\eclipse-jee-kepler-SR2-win32-x86_64\eclipse;;."/>
    <property name="java.specification.name" value="Java Platform API Specification"/>
    <property name="java.class.version" value="51.0"/>
    <property name="sun.management.compiler" value="HotSpot 64-Bit Tiered Compilers"/>
    <property name="os.version" value="6.2"/>
    <property name="user.home" value="C:\Users\Zizou"/>
    <property name="user.timezone" value="Europe/Paris"/>
    <property name="java.awt.printerjob" value="sun.awt.windows.WPrinterJob"/>
    <property name="java.specification.version" value="1.7"/>
    <property name="file.encoding" value="Cp1252"/>
    <property name="user.name" value="Zizou"/>
    <property name="java.class.path" value="/C:/Users/Zizou/Downloads/eclipse-jee-kepler-SR2-win32-x86_64/eclipse/configuration/org.eclipse.osgi/bundles/535/1/.cp/jars/plexus-classworlds-2.4.jar"/>
    <property name="java.vm.specification.version" value="1.7"/>
    <property name="sun.arch.data.model" value="64"/>
    <property name="java.home" value="C:\Program Files\Java\jdk1.7.0_45\jre"/>
    <property name="sun.java.command" value="org.codehaus.plexus.classworlds.launcher.Launcher -B clean install"/>
    <property name="java.specification.vendor" value="Oracle Corporation"/>
    <property name="user.language" value="fr"/>
    <property name="awt.toolkit" value="sun.awt.windows.WToolkit"/>
    <property name="java.vm.info" value="mixed mode"/>
    <property name="java.version" value="1.7.0_45"/>
    <property name="java.ext.dirs" value="C:\Program Files\Java\jdk1.7.0_45\jre\lib\ext;C:\WINDOWS\Sun\Java\lib\ext"/>
    <property name="sun.boot.class.path" value="C:\Program Files\Java\jdk1.7.0_45\jre\lib\resources.jar;C:\Program Files\Java\jdk1.7.0_45\jre\lib\rt.jar;C:\Program Files\Java\jdk1.7.0_45\jre\lib\sunrsasign.jar;C:\Program Files\Java\jdk1.7.0_45\jre\lib\jsse.jar;C:\Program Files\Java\jdk1.7.0_45\jre\lib\jce.jar;C:\Program Files\Java\jdk1.7.0_45\jre\lib\charsets.jar;C:\Program Files\Java\jdk1.7.0_45\jre\lib\jfr.jar;C:\Program Files\Java\jdk1.7.0_45\jre\classes"/>
    <property name="java.vendor" value="Oracle Corporation"/>
    <property name="maven.home" value="C:\Users\Zizou\Documents\GL\M1IFIProjectGit\M1IFIProject\EMBEDDED"/>
    <property name="file.separator" value="\"/>
    <property name="java.vendor.url.bug" value="http://bugreport.sun.com/bugreport/"/>
    <property name="maven.bootclasspath" value="/C:/Users/Zizou/Downloads/eclipse-jee-kepler-SR2-win32-x86_64/eclipse/configuration/org.eclipse.osgi/bundles/535/1/.cp/jars/plexus-classworlds-2.4.jar"/>
    <property name="sun.cpu.endian" value="little"/>
    <property name="sun.io.unicode.encoding" value="UnicodeLittle"/>
    <property name="sun.desktop" value="windows"/>
    <property name="sun.cpu.isalist" value="amd64"/>
  </properties>
  <testcase time="0.009" classname="creatures.SmartCreatureTest" name="testDirectRightUp"/>
  <testcase time="0.001" classname="creatures.SmartCreatureTest" name="testDirectTop"/>
  <testcase time="0.001" classname="creatures.SmartCreatureTest" name="testDirectDownLeft"/>
  <testcase time="0.001" classname="creatures.SmartCreatureTest" name="testDirectDownRight"/>
  <testcase time="0.001" classname="creatures.SmartCreatureTest" name="testDirectLeftDown"/>
  <testcase time="0" classname="creatures.SmartCreatureTest" name="testSpecialCorner"/>
  <testcase time="0.001" classname="creatures.SmartCreatureTest" name="testDirectUpRight"/>
  <testcase time="0.002" classname="creatures.SmartCreatureTest" name="testDirectBottom"/>
  <testcase time="0.001" classname="creatures.SmartCreatureTest" name="testUpperRightCorner30"/>
  <testcase time="0.001" classname="creatures.SmartCreatureTest" name="testUpperRightCorner45"/>
  <testcase time="0.001" classname="creatures.SmartCreatureTest" name="testDirectLeftUp"/>
  <testcase time="0.001" classname="creatures.SmartCreatureTest" name="testDirectRightDown"/>
  <testcase time="0" classname="creatures.SmartCreatureTest" name="testDirectUpLeft"/>
</testsuite>